2015-10-22 16:17:41 Error: [PDOException] SQLSTATE[HY000] [1045] Access denied for user 'my_app'@'localhost' (using password: YES)
Stack Trace:
#0 C:\Program Files (x86)\EasyPHP-DevServer-14.1VC11\data\localweb\project\vendor\cakephp\cakephp\src\Database\Driver\PDODriverTrait.php(48): PDO->__construct('mysql:host=loca...', 'my_app', 'secret', Array)
#1 C:\Program Files (x86)\EasyPHP-DevServer-14.1VC11\data\localweb\project\vendor\cakephp\cakephp\src\Database\Driver\Mysql.php(90): Cake\Database\Driver\Mysql->_connect('mysql:host=loca...', Array)
#2 C:\Program Files (x86)\EasyPHP-DevServer-14.1VC11\data\localweb\project\vendor\cakephp\cakephp\src\Database\Schema\BaseSchema.php(45): Cake\Database\Driver\Mysql->connect()
#3 C:\Program Files (x86)\EasyPHP-DevServer-14.1VC11\data\localweb\project\vendor\cakephp\cakephp\src\Database\Dialect\MysqlDialectTrait.php(63): Cake\Database\Schema\BaseSchema->__construct(Object(Cake\Database\Driver\Mysql))
#4 C:\Program Files (x86)\EasyPHP-DevServer-14.1VC11\data\localweb\project\vendor\cakephp\cakephp\src\Database\Schema\Collection.php(52): Cake\Database\Driver\Mysql->schemaDialect()
#5 C:\Program Files (x86)\EasyPHP-DevServer-14.1VC11\data\localweb\project\vendor\cakephp\cakephp\src\Database\Schema\CachedCollection.php(43): Cake\Database\Schema\Collection->__construct(Object(Cake\Database\Connection))
#6 C:\Program Files (x86)\EasyPHP-DevServer-14.1VC11\data\localweb\project\vendor\cakephp\cakephp\src\Database\Connection.php(315): Cake\Database\Schema\CachedCollection->__construct(Object(Cake\Database\Connection), true)
#7 C:\Program Files (x86)\EasyPHP-DevServer-14.1VC11\data\localweb\project\vendor\cakephp\bake\src\Shell\Task\ModelTask.php(883): Cake\Database\Connection->schemaCollection()
#8 C:\Program Files (x86)\EasyPHP-DevServer-14.1VC11\data\localweb\project\vendor\cakephp\bake\src\Shell\Task\ModelTask.php(848): Bake\Shell\Task\ModelTask->_getAllTables()
#9 C:\Program Files (x86)\EasyPHP-DevServer-14.1VC11\data\localweb\project\vendor\cakephp\bake\src\Shell\Task\ModelTask.php(186): Bake\Shell\Task\ModelTask->listAll()
#10 C:\Program Files (x86)\EasyPHP-DevServer-14.1VC11\data\localweb\project\vendor\cakephp\bake\src\Shell\Task\ModelTask.php(110): Bake\Shell\Task\ModelTask->getAssociations(Object(Cake\ORM\Table))
#11 C:\Program Files (x86)\EasyPHP-DevServer-14.1VC11\data\localweb\project\vendor\cakephp\bake\src\Shell\Task\ModelTask.php(96): Bake\Shell\Task\ModelTask->bake('Users')
#12 [internal function]: Bake\Shell\Task\ModelTask->main('Users')
#13 C:\Program Files (x86)\EasyPHP-DevServer-14.1VC11\data\localweb\project\vendor\cakephp\cakephp\src\Console\Shell.php(447): call_user_func_array(Array, Array)
#14 C:\Program Files (x86)\EasyPHP-DevServer-14.1VC11\data\localweb\project\vendor\cakephp\cakephp\src\Console\Shell.php(442): Cake\Console\Shell->runCommand(Array, false)
#15 C:\Program Files (x86)\EasyPHP-DevServer-14.1VC11\data\localweb\project\vendor\cakephp\cakephp\src\Console\ShellDispatcher.php(212): Cake\Console\Shell->runCommand(Array, true, Array)
#16 C:\Program Files (x86)\EasyPHP-DevServer-14.1VC11\data\localweb\project\vendor\cakephp\cakephp\src\Console\ShellDispatcher.php(179): Cake\Console\ShellDispatcher->_dispatch(Array)
#17 C:\Program Files (x86)\EasyPHP-DevServer-14.1VC11\data\localweb\project\vendor\cakephp\cakephp\src\Console\ShellDispatcher.php(126): Cake\Console\ShellDispatcher->dispatch(Array)
#18 C:\Program Files (x86)\EasyPHP-DevServer-14.1VC11\data\localweb\project\bin\cake.php(33): Cake\Console\ShellDispatcher::run(Array)
#19 {main}


