2015-10-22 16:21:00 Notice: Deprecated (16384): Controller::$layout is deprecated. Use $this->viewBuilder()->layout() instead. in [C:\Program Files (x86)\EasyPHP-DevServer-14.1VC11\data\localweb\project\vendor\cakephp\cakephp\src\Controller\Controller.php, line 375]
Trace:
Cake\Error\BaseErrorHandler::handleError() - CORE\src\Error\BaseErrorHandler.php, line 138
Cake\Controller\Controller::__set() - CORE\src\Controller\Controller.php, line 375
App\Controller\AppController::initialize() - APP/Controller\AppController.php, line 104
Cake\Controller\Controller::__construct() - CORE\src\Controller\Controller.php, line 262
ReflectionClass::newInstance() - [internal], line ??
Cake\Routing\Filter\ControllerFactoryFilter::_getController() - CORE\src\Routing\Filter\ControllerFactoryFilter.php, line 91
Cake\Routing\Filter\ControllerFactoryFilter::beforeDispatch() - CORE\src\Routing\Filter\ControllerFactoryFilter.php, line 50
Cake\Routing\DispatcherFilter::handle() - CORE\src\Routing\DispatcherFilter.php, line 145
Cake\Event\EventManager::_callListener() - CORE\src\Event\EventManager.php, line 389
Cake\Event\EventManager::dispatch() - CORE\src\Event\EventManager.php, line 355
Cake\Routing\Dispatcher::dispatchEvent() - CORE\src\Event\EventDispatcherTrait.php, line 78
Cake\Routing\Dispatcher::dispatch() - CORE\src\Routing\Dispatcher.php, line 62
[main] - ROOT\webroot\index.php, line 37



2015-10-22 16:36:15 Notice: Deprecated (16384): Controller::$layout is deprecated. Use $this->viewBuilder()->layout() instead. in [C:\Program Files (x86)\EasyPHP-DevServer-14.1VC11\data\localweb\project\vendor\cakephp\cakephp\src\Controller\Controller.php, line 375]
Trace:
Cake\Error\BaseErrorHandler::handleError() - CORE\src\Error\BaseErrorHandler.php, line 138
Cake\Controller\Controller::__set() - CORE\src\Controller\Controller.php, line 375
App\Controller\AppController::initialize() - APP/Controller\AppController.php, line 104
Cake\Controller\Controller::__construct() - CORE\src\Controller\Controller.php, line 262
ReflectionClass::newInstance() - [internal], line ??
Cake\Routing\Filter\ControllerFactoryFilter::_getController() - CORE\src\Routing\Filter\ControllerFactoryFilter.php, line 91
Cake\Routing\Filter\ControllerFactoryFilter::beforeDispatch() - CORE\src\Routing\Filter\ControllerFactoryFilter.php, line 50
Cake\Routing\DispatcherFilter::handle() - CORE\src\Routing\DispatcherFilter.php, line 145
Cake\Event\EventManager::_callListener() - CORE\src\Event\EventManager.php, line 389
Cake\Event\EventManager::dispatch() - CORE\src\Event\EventManager.php, line 355
Cake\Routing\Dispatcher::dispatchEvent() - CORE\src\Event\EventDispatcherTrait.php, line 78
Cake\Routing\Dispatcher::dispatch() - CORE\src\Routing\Dispatcher.php, line 62
[main] - ROOT\webroot\index.php, line 37



2015-10-22 16:36:15 Notice: Deprecated (16384): Controller::$layout is deprecated. Use $this->viewBuilder()->layout() instead. in [C:\Program Files (x86)\EasyPHP-DevServer-14.1VC11\data\localweb\project\vendor\cakephp\cakephp\src\Controller\Controller.php, line 375]
Trace:
Cake\Error\BaseErrorHandler::handleError() - CORE\src\Error\BaseErrorHandler.php, line 138
Cake\Controller\Controller::__set() - CORE\src\Controller\Controller.php, line 375
App\Controller\AppController::initialize() - APP/Controller\AppController.php, line 104
Cake\Controller\Controller::__construct() - CORE\src\Controller\Controller.php, line 262
ReflectionClass::newInstance() - [internal], line ??
Cake\Routing\Filter\ControllerFactoryFilter::_getController() - CORE\src\Routing\Filter\ControllerFactoryFilter.php, line 91
Cake\Routing\Filter\ControllerFactoryFilter::beforeDispatch() - CORE\src\Routing\Filter\ControllerFactoryFilter.php, line 50
Cake\Routing\DispatcherFilter::handle() - CORE\src\Routing\DispatcherFilter.php, line 145
Cake\Event\EventManager::_callListener() - CORE\src\Event\EventManager.php, line 389
Cake\Event\EventManager::dispatch() - CORE\src\Event\EventManager.php, line 355
Cake\Routing\Dispatcher::dispatchEvent() - CORE\src\Event\EventDispatcherTrait.php, line 78
Cake\Routing\Dispatcher::dispatch() - CORE\src\Routing\Dispatcher.php, line 62
[main] - ROOT\webroot\index.php, line 37



2015-10-22 16:36:15 Notice: Deprecated (16384): Controller::$layout is deprecated. Use $this->viewBuilder()->layout() instead. in [C:\Program Files (x86)\EasyPHP-DevServer-14.1VC11\data\localweb\project\vendor\cakephp\cakephp\src\Controller\Controller.php, line 375]
Trace:
Cake\Error\BaseErrorHandler::handleError() - CORE\src\Error\BaseErrorHandler.php, line 138
Cake\Controller\Controller::__set() - CORE\src\Controller\Controller.php, line 375
App\Controller\UsersController::login() - APP/Controller\UsersController.php, line 200
Cake\Controller\Controller::invokeAction() - CORE\src\Controller\Controller.php, line 429
Cake\Routing\Dispatcher::_invoke() - CORE\src\Routing\Dispatcher.php, line 114
Cake\Routing\Dispatcher::dispatch() - CORE\src\Routing\Dispatcher.php, line 87
[main] - ROOT\webroot\index.php, line 37



2015-10-22 16:36:16 Notice: Deprecated (16384): Controller::$layout is deprecated. Use $this->viewBuilder()->layout() instead. in [C:\Program Files (x86)\EasyPHP-DevServer-14.1VC11\data\localweb\project\vendor\cakephp\cakephp\src\Controller\Controller.php, line 375]
Trace:
Cake\Error\BaseErrorHandler::handleError() - CORE\src\Error\BaseErrorHandler.php, line 138
Cake\Controller\Controller::__set() - CORE\src\Controller\Controller.php, line 375
App\Controller\AppController::initialize() - APP/Controller\AppController.php, line 104
Cake\Controller\Controller::__construct() - CORE\src\Controller\Controller.php, line 262
ReflectionClass::newInstance() - [internal], line ??
Cake\Routing\Filter\ControllerFactoryFilter::_getController() - CORE\src\Routing\Filter\ControllerFactoryFilter.php, line 91
Cake\Routing\Filter\ControllerFactoryFilter::beforeDispatch() - CORE\src\Routing\Filter\ControllerFactoryFilter.php, line 50
Cake\Routing\DispatcherFilter::handle() - CORE\src\Routing\DispatcherFilter.php, line 145
Cake\Event\EventManager::_callListener() - CORE\src\Event\EventManager.php, line 389
Cake\Event\EventManager::dispatch() - CORE\src\Event\EventManager.php, line 355
Cake\Routing\Dispatcher::dispatchEvent() - CORE\src\Event\EventDispatcherTrait.php, line 78
Cake\Routing\Dispatcher::dispatch() - CORE\src\Routing\Dispatcher.php, line 62
[main] - ROOT\webroot\index.php, line 37



2015-10-22 16:36:16 Notice: Deprecated (16384): Controller::$layout is deprecated. Use $this->viewBuilder()->layout() instead. in [C:\Program Files (x86)\EasyPHP-DevServer-14.1VC11\data\localweb\project\vendor\cakephp\cakephp\src\Controller\Controller.php, line 375]
Trace:
Cake\Error\BaseErrorHandler::handleError() - CORE\src\Error\BaseErrorHandler.php, line 138
Cake\Controller\Controller::__set() - CORE\src\Controller\Controller.php, line 375
App\Controller\UsersController::login() - APP/Controller\UsersController.php, line 200
Cake\Controller\Controller::invokeAction() - CORE\src\Controller\Controller.php, line 429
Cake\Routing\Dispatcher::_invoke() - CORE\src\Routing\Dispatcher.php, line 114
Cake\Routing\Dispatcher::dispatch() - CORE\src\Routing\Dispatcher.php, line 87
[main] - ROOT\webroot\index.php, line 37



2015-10-22 16:37:23 Notice: Deprecated (16384): Controller::$layout is deprecated. Use $this->viewBuilder()->layout() instead. in [C:\Program Files (x86)\EasyPHP-DevServer-14.1VC11\data\localweb\project\vendor\cakephp\cakephp\src\Controller\Controller.php, line 375]
Trace:
Cake\Error\BaseErrorHandler::handleError() - CORE\src\Error\BaseErrorHandler.php, line 138
Cake\Controller\Controller::__set() - CORE\src\Controller\Controller.php, line 375
App\Controller\UsersController::login() - APP/Controller\UsersController.php, line 200
Cake\Controller\Controller::invokeAction() - CORE\src\Controller\Controller.php, line 429
Cake\Routing\Dispatcher::_invoke() - CORE\src\Routing\Dispatcher.php, line 114
Cake\Routing\Dispatcher::dispatch() - CORE\src\Routing\Dispatcher.php, line 87
[main] - ROOT\webroot\index.php, line 37



2015-10-22 16:40:49 Notice: Deprecated (16384): Controller::$layout is deprecated. Use $this->viewBuilder()->layout() instead. in [C:\Program Files (x86)\EasyPHP-DevServer-14.1VC11\data\localweb\project\vendor\cakephp\cakephp\src\Controller\Controller.php, line 375]
Trace:
Cake\Error\BaseErrorHandler::handleError() - CORE\src\Error\BaseErrorHandler.php, line 138
Cake\Controller\Controller::__set() - CORE\src\Controller\Controller.php, line 375
App\Controller\UsersController::login() - APP/Controller\UsersController.php, line 200
Cake\Controller\Controller::invokeAction() - CORE\src\Controller\Controller.php, line 429
Cake\Routing\Dispatcher::_invoke() - CORE\src\Routing\Dispatcher.php, line 114
Cake\Routing\Dispatcher::dispatch() - CORE\src\Routing\Dispatcher.php, line 87
[main] - ROOT\webroot\index.php, line 37



2015-10-22 16:57:31 Notice: Deprecated (16384): Controller::$layout is deprecated. Use $this->viewBuilder()->layout() instead. in [C:\Program Files (x86)\EasyPHP-DevServer-14.1VC11\data\localweb\project\vendor\cakephp\cakephp\src\Controller\Controller.php, line 375]
Trace:
Cake\Error\BaseErrorHandler::handleError() - CORE\src\Error\BaseErrorHandler.php, line 138
Cake\Controller\Controller::__set() - CORE\src\Controller\Controller.php, line 375
App\Controller\UsersController::login() - APP/Controller\UsersController.php, line 200
Cake\Controller\Controller::invokeAction() - CORE\src\Controller\Controller.php, line 429
Cake\Routing\Dispatcher::_invoke() - CORE\src\Routing\Dispatcher.php, line 114
Cake\Routing\Dispatcher::dispatch() - CORE\src\Routing\Dispatcher.php, line 87
[main] - ROOT\webroot\index.php, line 37



2015-10-22 17:37:24 Notice: Notice (8): Undefined index: token in [C:\Program Files (x86)\EasyPHP-DevServer-14.1VC11\data\localweb\project\src\Template\Users\add.ctp, line 13]
Trace:
Cake\Error\BaseErrorHandler::handleError() - CORE\src\Error\BaseErrorHandler.php, line 138
include - APP/Template\Users\add.ctp, line 13
Cake\View\View::_evaluate() - CORE\src\View\View.php, line 970
Cake\View\View::_render() - CORE\src\View\View.php, line 930
Cake\View\View::render() - CORE\src\View\View.php, line 578
Cake\Controller\Controller::render() - CORE\src\Controller\Controller.php, line 611
Cake\Routing\Dispatcher::_invoke() - CORE\src\Routing\Dispatcher.php, line 120
Cake\Routing\Dispatcher::dispatch() - CORE\src\Routing\Dispatcher.php, line 87
[main] - ROOT\webroot\index.php, line 37



2015-10-22 17:39:19 Notice: Notice (8): Undefined index: token in [C:\Program Files (x86)\EasyPHP-DevServer-14.1VC11\data\localweb\project\src\Template\Users\add.ctp, line 13]
Trace:
Cake\Error\BaseErrorHandler::handleError() - CORE\src\Error\BaseErrorHandler.php, line 138
include - APP/Template\Users\add.ctp, line 13
Cake\View\View::_evaluate() - CORE\src\View\View.php, line 970
Cake\View\View::_render() - CORE\src\View\View.php, line 930
Cake\View\View::render() - CORE\src\View\View.php, line 578
Cake\Controller\Controller::render() - CORE\src\Controller\Controller.php, line 611
Cake\Routing\Dispatcher::_invoke() - CORE\src\Routing\Dispatcher.php, line 120
Cake\Routing\Dispatcher::dispatch() - CORE\src\Routing\Dispatcher.php, line 87
[main] - ROOT\webroot\index.php, line 37



