2015-10-22 16:36:16 Error: [Cake\View\Exception\MissingTemplateException] Template file "Users\login.ctp" is missing.
Exception Attributes: array (
  'file' => 'Users\\login.ctp',
)
Request URL: /project/login
Stack Trace:
#0 C:\Program Files (x86)\EasyPHP-DevServer-14.1VC11\data\localweb\project\vendor\cakephp\cakephp\src\View\View.php(575): Cake\View\View->_getViewFileName(NULL)
#1 C:\Program Files (x86)\EasyPHP-DevServer-14.1VC11\data\localweb\project\vendor\cakephp\cakephp\src\Controller\Controller.php(611): Cake\View\View->render(NULL, NULL)
#2 C:\Program Files (x86)\EasyPHP-DevServer-14.1VC11\data\localweb\project\vendor\cakephp\cakephp\src\Routing\Dispatcher.php(120): Cake\Controller\Controller->render()
#3 C:\Program Files (x86)\EasyPHP-DevServer-14.1VC11\data\localweb\project\vendor\cakephp\cakephp\src\Routing\Dispatcher.php(87): Cake\Routing\Dispatcher->_invoke(Object(App\Controller\UsersController))
#4 C:\Program Files (x86)\EasyPHP-DevServer-14.1VC11\data\localweb\project\webroot\index.php(37): Cake\Routing\Dispatcher->dispatch(Object(Cake\Network\Request), Object(Cake\Network\Response))
#5 {main}


2015-10-22 16:36:17 Error: [Cake\View\Exception\MissingTemplateException] Template file "Users\login.ctp" is missing.
Exception Attributes: array (
  'file' => 'Users\\login.ctp',
)
Request URL: /project/login
Stack Trace:
#0 C:\Program Files (x86)\EasyPHP-DevServer-14.1VC11\data\localweb\project\vendor\cakephp\cakephp\src\View\View.php(575): Cake\View\View->_getViewFileName(NULL)
#1 C:\Program Files (x86)\EasyPHP-DevServer-14.1VC11\data\localweb\project\vendor\cakephp\cakephp\src\Controller\Controller.php(611): Cake\View\View->render(NULL, NULL)
#2 C:\Program Files (x86)\EasyPHP-DevServer-14.1VC11\data\localweb\project\vendor\cakephp\cakephp\src\Routing\Dispatcher.php(120): Cake\Controller\Controller->render()
#3 C:\Program Files (x86)\EasyPHP-DevServer-14.1VC11\data\localweb\project\vendor\cakephp\cakephp\src\Routing\Dispatcher.php(87): Cake\Routing\Dispatcher->_invoke(Object(App\Controller\UsersController))
#4 C:\Program Files (x86)\EasyPHP-DevServer-14.1VC11\data\localweb\project\webroot\index.php(37): Cake\Routing\Dispatcher->dispatch(Object(Cake\Network\Request), Object(Cake\Network\Response))
#5 {main}


2015-10-22 16:37:23 Error: [Cake\View\Exception\MissingTemplateException] Template file "Users\login.ctp" is missing.
Exception Attributes: array (
  'file' => 'Users\\login.ctp',
)
Request URL: /project/login
Stack Trace:
#0 C:\Program Files (x86)\EasyPHP-DevServer-14.1VC11\data\localweb\project\vendor\cakephp\cakephp\src\View\View.php(575): Cake\View\View->_getViewFileName(NULL)
#1 C:\Program Files (x86)\EasyPHP-DevServer-14.1VC11\data\localweb\project\vendor\cakephp\cakephp\src\Controller\Controller.php(611): Cake\View\View->render(NULL, NULL)
#2 C:\Program Files (x86)\EasyPHP-DevServer-14.1VC11\data\localweb\project\vendor\cakephp\cakephp\src\Routing\Dispatcher.php(120): Cake\Controller\Controller->render()
#3 C:\Program Files (x86)\EasyPHP-DevServer-14.1VC11\data\localweb\project\vendor\cakephp\cakephp\src\Routing\Dispatcher.php(87): Cake\Routing\Dispatcher->_invoke(Object(App\Controller\UsersController))
#4 C:\Program Files (x86)\EasyPHP-DevServer-14.1VC11\data\localweb\project\webroot\index.php(37): Cake\Routing\Dispatcher->dispatch(Object(Cake\Network\Request), Object(Cake\Network\Response))
#5 {main}


2015-10-22 16:40:50 Error: [Cake\View\Exception\MissingTemplateException] Template file "Users\login.ctp" is missing.
Exception Attributes: array (
  'file' => 'Users\\login.ctp',
)
Request URL: /project/login
Stack Trace:
#0 C:\Program Files (x86)\EasyPHP-DevServer-14.1VC11\data\localweb\project\vendor\cakephp\cakephp\src\View\View.php(575): Cake\View\View->_getViewFileName(NULL)
#1 C:\Program Files (x86)\EasyPHP-DevServer-14.1VC11\data\localweb\project\vendor\cakephp\cakephp\src\Controller\Controller.php(611): Cake\View\View->render(NULL, NULL)
#2 C:\Program Files (x86)\EasyPHP-DevServer-14.1VC11\data\localweb\project\vendor\cakephp\cakephp\src\Routing\Dispatcher.php(120): Cake\Controller\Controller->render()
#3 C:\Program Files (x86)\EasyPHP-DevServer-14.1VC11\data\localweb\project\vendor\cakephp\cakephp\src\Routing\Dispatcher.php(87): Cake\Routing\Dispatcher->_invoke(Object(App\Controller\UsersController))
#4 C:\Program Files (x86)\EasyPHP-DevServer-14.1VC11\data\localweb\project\webroot\index.php(37): Cake\Routing\Dispatcher->dispatch(Object(Cake\Network\Request), Object(Cake\Network\Response))
#5 {main}


2015-10-22 17:01:44 Error: [Cake\Routing\Exception\MissingControllerException] Controller class Js could not be found.
Exception Attributes: array (
  'class' => 'Js',
  'plugin' => NULL,
  'prefix' => NULL,
  '_ext' => NULL,
)
Request URL: /project/js/scripts.js
Stack Trace:
#0 C:\Program Files (x86)\EasyPHP-DevServer-14.1VC11\data\localweb\project\webroot\index.php(37): Cake\Routing\Dispatcher->dispatch(Object(Cake\Network\Request), Object(Cake\Network\Response))
#1 {main}


2015-10-22 17:01:45 Error: [Cake\Routing\Exception\MissingControllerException] Controller class Css could not be found.
Exception Attributes: array (
  'class' => 'Css',
  'plugin' => NULL,
  'prefix' => NULL,
  '_ext' => NULL,
)
Request URL: /project/css/styles.css
Stack Trace:
#0 C:\Program Files (x86)\EasyPHP-DevServer-14.1VC11\data\localweb\project\webroot\index.php(37): Cake\Routing\Dispatcher->dispatch(Object(Cake\Network\Request), Object(Cake\Network\Response))
#1 {main}


2015-10-22 17:01:45 Error: [Cake\Routing\Exception\MissingControllerException] Controller class Avatar.ico could not be found.
Exception Attributes: array (
  'class' => 'Avatar.ico',
  'plugin' => NULL,
  'prefix' => NULL,
  '_ext' => NULL,
)
Request URL: /project/avatar.ico
Stack Trace:
#0 C:\Program Files (x86)\EasyPHP-DevServer-14.1VC11\data\localweb\project\webroot\index.php(37): Cake\Routing\Dispatcher->dispatch(Object(Cake\Network\Request), Object(Cake\Network\Response))
#1 {main}


2015-10-22 17:01:46 Error: [Cake\Routing\Exception\MissingControllerException] Controller class Css could not be found.
Exception Attributes: array (
  'class' => 'Css',
  'plugin' => NULL,
  'prefix' => NULL,
  '_ext' => NULL,
)
Request URL: /project/css/home.css
Stack Trace:
#0 C:\Program Files (x86)\EasyPHP-DevServer-14.1VC11\data\localweb\project\webroot\index.php(37): Cake\Routing\Dispatcher->dispatch(Object(Cake\Network\Request), Object(Cake\Network\Response))
#1 {main}


2015-10-22 17:01:46 Error: [Cake\Routing\Exception\MissingControllerException] Controller class Avatar.ico could not be found.
Exception Attributes: array (
  'class' => 'Avatar.ico',
  'plugin' => NULL,
  'prefix' => NULL,
  '_ext' => NULL,
)
Request URL: /project/avatar.ico
Stack Trace:
#0 C:\Program Files (x86)\EasyPHP-DevServer-14.1VC11\data\localweb\project\webroot\index.php(37): Cake\Routing\Dispatcher->dispatch(Object(Cake\Network\Request), Object(Cake\Network\Response))
#1 {main}


2015-10-22 17:01:46 Error: [Cake\Routing\Exception\MissingControllerException] Controller class Js could not be found.
Exception Attributes: array (
  'class' => 'Js',
  'plugin' => NULL,
  'prefix' => NULL,
  '_ext' => NULL,
)
Request URL: /project/js/scripts.js
Stack Trace:
#0 C:\Program Files (x86)\EasyPHP-DevServer-14.1VC11\data\localweb\project\webroot\index.php(37): Cake\Routing\Dispatcher->dispatch(Object(Cake\Network\Request), Object(Cake\Network\Response))
#1 {main}


2015-10-22 17:06:13 Error: [Cake\Routing\Exception\MissingControllerException] Controller class Js could not be found.
Exception Attributes: array (
  'class' => 'Js',
  'plugin' => NULL,
  'prefix' => NULL,
  '_ext' => NULL,
)
Request URL: /project/js/scripts.js
Stack Trace:
#0 C:\Program Files (x86)\EasyPHP-DevServer-14.1VC11\data\localweb\project\webroot\index.php(37): Cake\Routing\Dispatcher->dispatch(Object(Cake\Network\Request), Object(Cake\Network\Response))
#1 {main}


2015-10-22 17:06:13 Error: [Cake\Routing\Exception\MissingControllerException] Controller class Css could not be found.
Exception Attributes: array (
  'class' => 'Css',
  'plugin' => NULL,
  'prefix' => NULL,
  '_ext' => NULL,
)
Request URL: /project/css/home.css
Stack Trace:
#0 C:\Program Files (x86)\EasyPHP-DevServer-14.1VC11\data\localweb\project\webroot\index.php(37): Cake\Routing\Dispatcher->dispatch(Object(Cake\Network\Request), Object(Cake\Network\Response))
#1 {main}


2015-10-22 17:06:14 Error: [Cake\Routing\Exception\MissingControllerException] Controller class Js could not be found.
Exception Attributes: array (
  'class' => 'Js',
  'plugin' => NULL,
  'prefix' => NULL,
  '_ext' => NULL,
)
Request URL: /project/js/scripts.js
Stack Trace:
#0 C:\Program Files (x86)\EasyPHP-DevServer-14.1VC11\data\localweb\project\webroot\index.php(37): Cake\Routing\Dispatcher->dispatch(Object(Cake\Network\Request), Object(Cake\Network\Response))
#1 {main}


2015-10-22 17:07:22 Error: [Cake\Routing\Exception\MissingControllerException] Controller class Js could not be found.
Exception Attributes: array (
  'class' => 'Js',
  'plugin' => NULL,
  'prefix' => NULL,
  '_ext' => NULL,
)
Request URL: /project/js/scripts.js
Stack Trace:
#0 C:\Program Files (x86)\EasyPHP-DevServer-14.1VC11\data\localweb\project\webroot\index.php(37): Cake\Routing\Dispatcher->dispatch(Object(Cake\Network\Request), Object(Cake\Network\Response))
#1 {main}


2015-10-22 17:07:22 Error: [Cake\Routing\Exception\MissingControllerException] Controller class Css could not be found.
Exception Attributes: array (
  'class' => 'Css',
  'plugin' => NULL,
  'prefix' => NULL,
  '_ext' => NULL,
)
Request URL: /project/css/home.css
Stack Trace:
#0 C:\Program Files (x86)\EasyPHP-DevServer-14.1VC11\data\localweb\project\webroot\index.php(37): Cake\Routing\Dispatcher->dispatch(Object(Cake\Network\Request), Object(Cake\Network\Response))
#1 {main}


2015-10-22 17:07:23 Error: [Cake\Routing\Exception\MissingControllerException] Controller class Js could not be found.
Exception Attributes: array (
  'class' => 'Js',
  'plugin' => NULL,
  'prefix' => NULL,
  '_ext' => NULL,
)
Request URL: /project/js/scripts.js
Stack Trace:
#0 C:\Program Files (x86)\EasyPHP-DevServer-14.1VC11\data\localweb\project\webroot\index.php(37): Cake\Routing\Dispatcher->dispatch(Object(Cake\Network\Request), Object(Cake\Network\Response))
#1 {main}


2015-10-22 17:12:34 Error: [Cake\Routing\Exception\MissingControllerException] Controller class Img could not be found.
Exception Attributes: array (
  'class' => 'Img',
  'plugin' => NULL,
  'prefix' => NULL,
  '_ext' => NULL,
)
Request URL: /project/img/func7.min.gif
Stack Trace:
#0 C:\Program Files (x86)\EasyPHP-DevServer-14.1VC11\data\localweb\project\webroot\index.php(37): Cake\Routing\Dispatcher->dispatch(Object(Cake\Network\Request), Object(Cake\Network\Response))
#1 {main}


2015-10-22 17:12:34 Error: [Cake\Routing\Exception\MissingControllerException] Controller class Img could not be found.
Exception Attributes: array (
  'class' => 'Img',
  'plugin' => NULL,
  'prefix' => NULL,
  '_ext' => NULL,
)
Request URL: /project/img/slide2.jpg
Stack Trace:
#0 C:\Program Files (x86)\EasyPHP-DevServer-14.1VC11\data\localweb\project\webroot\index.php(37): Cake\Routing\Dispatcher->dispatch(Object(Cake\Network\Request), Object(Cake\Network\Response))
#1 {main}


2015-10-22 17:12:35 Error: [Cake\Routing\Exception\MissingControllerException] Controller class Img could not be found.
Exception Attributes: array (
  'class' => 'Img',
  'plugin' => NULL,
  'prefix' => NULL,
  '_ext' => NULL,
)
Request URL: /project/img/slide.jpg
Stack Trace:
#0 C:\Program Files (x86)\EasyPHP-DevServer-14.1VC11\data\localweb\project\webroot\index.php(37): Cake\Routing\Dispatcher->dispatch(Object(Cake\Network\Request), Object(Cake\Network\Response))
#1 {main}


2015-10-22 17:12:35 Error: [Cake\Routing\Exception\MissingControllerException] Controller class Img could not be found.
Exception Attributes: array (
  'class' => 'Img',
  'plugin' => NULL,
  'prefix' => NULL,
  '_ext' => NULL,
)
Request URL: /project/img/write2.jpg
Stack Trace:
#0 C:\Program Files (x86)\EasyPHP-DevServer-14.1VC11\data\localweb\project\webroot\index.php(37): Cake\Routing\Dispatcher->dispatch(Object(Cake\Network\Request), Object(Cake\Network\Response))
#1 {main}


2015-10-22 17:12:36 Error: [Cake\Routing\Exception\MissingControllerException] Controller class Js could not be found.
Exception Attributes: array (
  'class' => 'Js',
  'plugin' => NULL,
  'prefix' => NULL,
  '_ext' => NULL,
)
Request URL: /project/js/scripts.js
Stack Trace:
#0 C:\Program Files (x86)\EasyPHP-DevServer-14.1VC11\data\localweb\project\webroot\index.php(37): Cake\Routing\Dispatcher->dispatch(Object(Cake\Network\Request), Object(Cake\Network\Response))
#1 {main}


2015-10-22 17:12:36 Error: [Cake\Routing\Exception\MissingControllerException] Controller class Img could not be found.
Exception Attributes: array (
  'class' => 'Img',
  'plugin' => NULL,
  'prefix' => NULL,
  '_ext' => NULL,
)
Request URL: /project/img/func8.png
Stack Trace:
#0 C:\Program Files (x86)\EasyPHP-DevServer-14.1VC11\data\localweb\project\webroot\index.php(37): Cake\Routing\Dispatcher->dispatch(Object(Cake\Network\Request), Object(Cake\Network\Response))
#1 {main}


2015-10-22 17:12:37 Error: [Cake\Routing\Exception\MissingControllerException] Controller class Css could not be found.
Exception Attributes: array (
  'class' => 'Css',
  'plugin' => NULL,
  'prefix' => NULL,
  '_ext' => NULL,
)
Request URL: /project/css/fonts/glyphicons-halflings-regular.woff2
Stack Trace:
#0 C:\Program Files (x86)\EasyPHP-DevServer-14.1VC11\data\localweb\project\webroot\index.php(37): Cake\Routing\Dispatcher->dispatch(Object(Cake\Network\Request), Object(Cake\Network\Response))
#1 {main}


2015-10-22 17:12:37 Error: [Cake\Routing\Exception\MissingControllerException] Controller class Img could not be found.
Exception Attributes: array (
  'class' => 'Img',
  'plugin' => NULL,
  'prefix' => NULL,
  '_ext' => NULL,
)
Request URL: /project/img/func9.png
Stack Trace:
#0 C:\Program Files (x86)\EasyPHP-DevServer-14.1VC11\data\localweb\project\webroot\index.php(37): Cake\Routing\Dispatcher->dispatch(Object(Cake\Network\Request), Object(Cake\Network\Response))
#1 {main}


2015-10-22 17:12:38 Error: [Cake\Routing\Exception\MissingControllerException] Controller class Img could not be found.
Exception Attributes: array (
  'class' => 'Img',
  'plugin' => NULL,
  'prefix' => NULL,
  '_ext' => NULL,
)
Request URL: /project/img/func1.min.gif
Stack Trace:
#0 C:\Program Files (x86)\EasyPHP-DevServer-14.1VC11\data\localweb\project\webroot\index.php(37): Cake\Routing\Dispatcher->dispatch(Object(Cake\Network\Request), Object(Cake\Network\Response))
#1 {main}


2015-10-22 17:12:38 Error: [Cake\Routing\Exception\MissingControllerException] Controller class Img could not be found.
Exception Attributes: array (
  'class' => 'Img',
  'plugin' => NULL,
  'prefix' => NULL,
  '_ext' => NULL,
)
Request URL: /project/img/func2.min.gif
Stack Trace:
#0 C:\Program Files (x86)\EasyPHP-DevServer-14.1VC11\data\localweb\project\webroot\index.php(37): Cake\Routing\Dispatcher->dispatch(Object(Cake\Network\Request), Object(Cake\Network\Response))
#1 {main}


2015-10-22 17:12:39 Error: [Cake\Routing\Exception\MissingControllerException] Controller class Img could not be found.
Exception Attributes: array (
  'class' => 'Img',
  'plugin' => NULL,
  'prefix' => NULL,
  '_ext' => NULL,
)
Request URL: /project/img/func3.png
Stack Trace:
#0 C:\Program Files (x86)\EasyPHP-DevServer-14.1VC11\data\localweb\project\webroot\index.php(37): Cake\Routing\Dispatcher->dispatch(Object(Cake\Network\Request), Object(Cake\Network\Response))
#1 {main}


2015-10-22 17:12:39 Error: [Cake\Routing\Exception\MissingControllerException] Controller class Img could not be found.
Exception Attributes: array (
  'class' => 'Img',
  'plugin' => NULL,
  'prefix' => NULL,
  '_ext' => NULL,
)
Request URL: /project/img/func4.png
Stack Trace:
#0 C:\Program Files (x86)\EasyPHP-DevServer-14.1VC11\data\localweb\project\webroot\index.php(37): Cake\Routing\Dispatcher->dispatch(Object(Cake\Network\Request), Object(Cake\Network\Response))
#1 {main}


2015-10-22 17:12:40 Error: [Cake\Routing\Exception\MissingControllerException] Controller class Img could not be found.
Exception Attributes: array (
  'class' => 'Img',
  'plugin' => NULL,
  'prefix' => NULL,
  '_ext' => NULL,
)
Request URL: /project/img/func5.min.gif
Stack Trace:
#0 C:\Program Files (x86)\EasyPHP-DevServer-14.1VC11\data\localweb\project\webroot\index.php(37): Cake\Routing\Dispatcher->dispatch(Object(Cake\Network\Request), Object(Cake\Network\Response))
#1 {main}


2015-10-22 17:12:40 Error: [Cake\Routing\Exception\MissingControllerException] Controller class Css could not be found.
Exception Attributes: array (
  'class' => 'Css',
  'plugin' => NULL,
  'prefix' => NULL,
  '_ext' => NULL,
)
Request URL: /project/css/fonts/glyphicons-halflings-regular.woff
Stack Trace:
#0 C:\Program Files (x86)\EasyPHP-DevServer-14.1VC11\data\localweb\project\webroot\index.php(37): Cake\Routing\Dispatcher->dispatch(Object(Cake\Network\Request), Object(Cake\Network\Response))
#1 {main}


2015-10-22 17:12:41 Error: [Cake\Routing\Exception\MissingControllerException] Controller class Img could not be found.
Exception Attributes: array (
  'class' => 'Img',
  'plugin' => NULL,
  'prefix' => NULL,
  '_ext' => NULL,
)
Request URL: /project/img/func6.png
Stack Trace:
#0 C:\Program Files (x86)\EasyPHP-DevServer-14.1VC11\data\localweb\project\webroot\index.php(37): Cake\Routing\Dispatcher->dispatch(Object(Cake\Network\Request), Object(Cake\Network\Response))
#1 {main}


2015-10-22 17:12:41 Error: [Cake\Routing\Exception\MissingControllerException] Controller class Avatar.ico could not be found.
Exception Attributes: array (
  'class' => 'Avatar.ico',
  'plugin' => NULL,
  'prefix' => NULL,
  '_ext' => NULL,
)
Request URL: /project/avatar.ico
Stack Trace:
#0 C:\Program Files (x86)\EasyPHP-DevServer-14.1VC11\data\localweb\project\webroot\index.php(37): Cake\Routing\Dispatcher->dispatch(Object(Cake\Network\Request), Object(Cake\Network\Response))
#1 {main}


2015-10-22 17:12:42 Error: [Cake\Routing\Exception\MissingControllerException] Controller class Css could not be found.
Exception Attributes: array (
  'class' => 'Css',
  'plugin' => NULL,
  'prefix' => NULL,
  '_ext' => NULL,
)
Request URL: /project/css/fonts/glyphicons-halflings-regular.ttf
Stack Trace:
#0 C:\Program Files (x86)\EasyPHP-DevServer-14.1VC11\data\localweb\project\webroot\index.php(37): Cake\Routing\Dispatcher->dispatch(Object(Cake\Network\Request), Object(Cake\Network\Response))
#1 {main}


2015-10-22 17:12:42 Error: [Cake\Routing\Exception\MissingControllerException] Controller class Avatar.ico could not be found.
Exception Attributes: array (
  'class' => 'Avatar.ico',
  'plugin' => NULL,
  'prefix' => NULL,
  '_ext' => NULL,
)
Request URL: /project/avatar.ico
Stack Trace:
#0 C:\Program Files (x86)\EasyPHP-DevServer-14.1VC11\data\localweb\project\webroot\index.php(37): Cake\Routing\Dispatcher->dispatch(Object(Cake\Network\Request), Object(Cake\Network\Response))
#1 {main}


2015-10-22 17:12:50 Error: [Cake\Routing\Exception\MissingControllerException] Controller class Js could not be found.
Exception Attributes: array (
  'class' => 'Js',
  'plugin' => NULL,
  'prefix' => NULL,
  '_ext' => NULL,
)
Request URL: /project/js/scripts.js
Stack Trace:
#0 C:\Program Files (x86)\EasyPHP-DevServer-14.1VC11\data\localweb\project\webroot\index.php(37): Cake\Routing\Dispatcher->dispatch(Object(Cake\Network\Request), Object(Cake\Network\Response))
#1 {main}


2015-10-22 17:12:50 Error: [Cake\Routing\Exception\MissingControllerException] Controller class Css could not be found.
Exception Attributes: array (
  'class' => 'Css',
  'plugin' => NULL,
  'prefix' => NULL,
  '_ext' => NULL,
)
Request URL: /project/css/home.css
Stack Trace:
#0 C:\Program Files (x86)\EasyPHP-DevServer-14.1VC11\data\localweb\project\webroot\index.php(37): Cake\Routing\Dispatcher->dispatch(Object(Cake\Network\Request), Object(Cake\Network\Response))
#1 {main}


2015-10-22 17:12:51 Error: [Cake\Routing\Exception\MissingControllerException] Controller class Js could not be found.
Exception Attributes: array (
  'class' => 'Js',
  'plugin' => NULL,
  'prefix' => NULL,
  '_ext' => NULL,
)
Request URL: /project/js/scripts.js
Stack Trace:
#0 C:\Program Files (x86)\EasyPHP-DevServer-14.1VC11\data\localweb\project\webroot\index.php(37): Cake\Routing\Dispatcher->dispatch(Object(Cake\Network\Request), Object(Cake\Network\Response))
#1 {main}


2015-10-22 17:12:58 Error: [Cake\Routing\Exception\MissingControllerException] Controller class Img could not be found.
Exception Attributes: array (
  'class' => 'Img',
  'plugin' => NULL,
  'prefix' => NULL,
  '_ext' => NULL,
)
Request URL: /project/img/write2.jpg
Stack Trace:
#0 C:\Program Files (x86)\EasyPHP-DevServer-14.1VC11\data\localweb\project\webroot\index.php(37): Cake\Routing\Dispatcher->dispatch(Object(Cake\Network\Request), Object(Cake\Network\Response))
#1 {main}


2015-10-22 17:12:58 Error: [Cake\Routing\Exception\MissingControllerException] Controller class Img could not be found.
Exception Attributes: array (
  'class' => 'Img',
  'plugin' => NULL,
  'prefix' => NULL,
  '_ext' => NULL,
)
Request URL: /project/img/slide2.jpg
Stack Trace:
#0 C:\Program Files (x86)\EasyPHP-DevServer-14.1VC11\data\localweb\project\webroot\index.php(37): Cake\Routing\Dispatcher->dispatch(Object(Cake\Network\Request), Object(Cake\Network\Response))
#1 {main}


2015-10-22 17:12:59 Error: [Cake\Routing\Exception\MissingControllerException] Controller class Img could not be found.
Exception Attributes: array (
  'class' => 'Img',
  'plugin' => NULL,
  'prefix' => NULL,
  '_ext' => NULL,
)
Request URL: /project/img/func8.png
Stack Trace:
#0 C:\Program Files (x86)\EasyPHP-DevServer-14.1VC11\data\localweb\project\webroot\index.php(37): Cake\Routing\Dispatcher->dispatch(Object(Cake\Network\Request), Object(Cake\Network\Response))
#1 {main}


2015-10-22 17:12:59 Error: [Cake\Routing\Exception\MissingControllerException] Controller class Img could not be found.
Exception Attributes: array (
  'class' => 'Img',
  'plugin' => NULL,
  'prefix' => NULL,
  '_ext' => NULL,
)
Request URL: /project/img/slide.jpg
Stack Trace:
#0 C:\Program Files (x86)\EasyPHP-DevServer-14.1VC11\data\localweb\project\webroot\index.php(37): Cake\Routing\Dispatcher->dispatch(Object(Cake\Network\Request), Object(Cake\Network\Response))
#1 {main}


2015-10-22 17:13:00 Error: [Cake\Routing\Exception\MissingControllerException] Controller class Js could not be found.
Exception Attributes: array (
  'class' => 'Js',
  'plugin' => NULL,
  'prefix' => NULL,
  '_ext' => NULL,
)
Request URL: /project/js/scripts.js
Stack Trace:
#0 C:\Program Files (x86)\EasyPHP-DevServer-14.1VC11\data\localweb\project\webroot\index.php(37): Cake\Routing\Dispatcher->dispatch(Object(Cake\Network\Request), Object(Cake\Network\Response))
#1 {main}


2015-10-22 17:13:00 Error: [Cake\Routing\Exception\MissingControllerException] Controller class Img could not be found.
Exception Attributes: array (
  'class' => 'Img',
  'plugin' => NULL,
  'prefix' => NULL,
  '_ext' => NULL,
)
Request URL: /project/img/func7.min.gif
Stack Trace:
#0 C:\Program Files (x86)\EasyPHP-DevServer-14.1VC11\data\localweb\project\webroot\index.php(37): Cake\Routing\Dispatcher->dispatch(Object(Cake\Network\Request), Object(Cake\Network\Response))
#1 {main}


2015-10-22 17:13:01 Error: [Cake\Routing\Exception\MissingControllerException] Controller class Css could not be found.
Exception Attributes: array (
  'class' => 'Css',
  'plugin' => NULL,
  'prefix' => NULL,
  '_ext' => NULL,
)
Request URL: /project/css/fonts/glyphicons-halflings-regular.woff2
Stack Trace:
#0 C:\Program Files (x86)\EasyPHP-DevServer-14.1VC11\data\localweb\project\webroot\index.php(37): Cake\Routing\Dispatcher->dispatch(Object(Cake\Network\Request), Object(Cake\Network\Response))
#1 {main}


2015-10-22 17:13:01 Error: [Cake\Routing\Exception\MissingControllerException] Controller class Img could not be found.
Exception Attributes: array (
  'class' => 'Img',
  'plugin' => NULL,
  'prefix' => NULL,
  '_ext' => NULL,
)
Request URL: /project/img/func9.png
Stack Trace:
#0 C:\Program Files (x86)\EasyPHP-DevServer-14.1VC11\data\localweb\project\webroot\index.php(37): Cake\Routing\Dispatcher->dispatch(Object(Cake\Network\Request), Object(Cake\Network\Response))
#1 {main}


2015-10-22 17:13:02 Error: [Cake\Routing\Exception\MissingControllerException] Controller class Img could not be found.
Exception Attributes: array (
  'class' => 'Img',
  'plugin' => NULL,
  'prefix' => NULL,
  '_ext' => NULL,
)
Request URL: /project/img/func1.min.gif
Stack Trace:
#0 C:\Program Files (x86)\EasyPHP-DevServer-14.1VC11\data\localweb\project\webroot\index.php(37): Cake\Routing\Dispatcher->dispatch(Object(Cake\Network\Request), Object(Cake\Network\Response))
#1 {main}


2015-10-22 17:13:03 Error: [Cake\Routing\Exception\MissingControllerException] Controller class Img could not be found.
Exception Attributes: array (
  'class' => 'Img',
  'plugin' => NULL,
  'prefix' => NULL,
  '_ext' => NULL,
)
Request URL: /project/img/func2.min.gif
Stack Trace:
#0 C:\Program Files (x86)\EasyPHP-DevServer-14.1VC11\data\localweb\project\webroot\index.php(37): Cake\Routing\Dispatcher->dispatch(Object(Cake\Network\Request), Object(Cake\Network\Response))
#1 {main}


2015-10-22 17:13:03 Error: [Cake\Routing\Exception\MissingControllerException] Controller class Img could not be found.
Exception Attributes: array (
  'class' => 'Img',
  'plugin' => NULL,
  'prefix' => NULL,
  '_ext' => NULL,
)
Request URL: /project/img/func3.png
Stack Trace:
#0 C:\Program Files (x86)\EasyPHP-DevServer-14.1VC11\data\localweb\project\webroot\index.php(37): Cake\Routing\Dispatcher->dispatch(Object(Cake\Network\Request), Object(Cake\Network\Response))
#1 {main}


2015-10-22 17:13:04 Error: [Cake\Routing\Exception\MissingControllerException] Controller class Img could not be found.
Exception Attributes: array (
  'class' => 'Img',
  'plugin' => NULL,
  'prefix' => NULL,
  '_ext' => NULL,
)
Request URL: /project/img/func4.png
Stack Trace:
#0 C:\Program Files (x86)\EasyPHP-DevServer-14.1VC11\data\localweb\project\webroot\index.php(37): Cake\Routing\Dispatcher->dispatch(Object(Cake\Network\Request), Object(Cake\Network\Response))
#1 {main}


2015-10-22 17:13:04 Error: [Cake\Routing\Exception\MissingControllerException] Controller class Img could not be found.
Exception Attributes: array (
  'class' => 'Img',
  'plugin' => NULL,
  'prefix' => NULL,
  '_ext' => NULL,
)
Request URL: /project/img/func5.min.gif
Stack Trace:
#0 C:\Program Files (x86)\EasyPHP-DevServer-14.1VC11\data\localweb\project\webroot\index.php(37): Cake\Routing\Dispatcher->dispatch(Object(Cake\Network\Request), Object(Cake\Network\Response))
#1 {main}


2015-10-22 17:13:05 Error: [Cake\Routing\Exception\MissingControllerException] Controller class Css could not be found.
Exception Attributes: array (
  'class' => 'Css',
  'plugin' => NULL,
  'prefix' => NULL,
  '_ext' => NULL,
)
Request URL: /project/css/fonts/glyphicons-halflings-regular.woff
Stack Trace:
#0 C:\Program Files (x86)\EasyPHP-DevServer-14.1VC11\data\localweb\project\webroot\index.php(37): Cake\Routing\Dispatcher->dispatch(Object(Cake\Network\Request), Object(Cake\Network\Response))
#1 {main}


2015-10-22 17:13:06 Error: [Cake\Routing\Exception\MissingControllerException] Controller class Img could not be found.
Exception Attributes: array (
  'class' => 'Img',
  'plugin' => NULL,
  'prefix' => NULL,
  '_ext' => NULL,
)
Request URL: /project/img/func6.png
Stack Trace:
#0 C:\Program Files (x86)\EasyPHP-DevServer-14.1VC11\data\localweb\project\webroot\index.php(37): Cake\Routing\Dispatcher->dispatch(Object(Cake\Network\Request), Object(Cake\Network\Response))
#1 {main}


2015-10-22 17:13:06 Error: [Cake\Routing\Exception\MissingControllerException] Controller class Css could not be found.
Exception Attributes: array (
  'class' => 'Css',
  'plugin' => NULL,
  'prefix' => NULL,
  '_ext' => NULL,
)
Request URL: /project/css/fonts/glyphicons-halflings-regular.ttf
Stack Trace:
#0 C:\Program Files (x86)\EasyPHP-DevServer-14.1VC11\data\localweb\project\webroot\index.php(37): Cake\Routing\Dispatcher->dispatch(Object(Cake\Network\Request), Object(Cake\Network\Response))
#1 {main}


2015-10-22 17:15:01 Error: Fatal Error (1): Call to undefined method App\Controller\PagesController::viewRender() in [C:\Program Files (x86)\EasyPHP-DevServer-14.1VC11\data\localweb\project\src\Controller\PagesController.php, line 40]
Trace:
Cake\Error\BaseErrorHandler::handleFatalError() - CORE\src\Error\BaseErrorHandler.php, line 191
Cake\Error\BaseErrorHandler::Cake\Error\{closure}() - CORE\src\Error\BaseErrorHandler.php, line 90
[main] - [internal], line ??



2015-10-22 17:15:01 Error: [Cake\Error\FatalErrorException] Call to undefined method App\Controller\PagesController::viewRender()
Request URL: /project/
Stack Trace:
#0 C:\Program Files (x86)\EasyPHP-DevServer-14.1VC11\data\localweb\project\vendor\cakephp\cakephp\src\Error\BaseErrorHandler.php(90): Cake\Error\BaseErrorHandler->handleFatalError(1, 'Call to undefin...', 'C:\Program File...', 40)
#1 [internal function]: Cake\Error\BaseErrorHandler->Cake\Error\{closure}()
#2 {main}


2015-10-22 17:15:35 Error: [Cake\Routing\Exception\MissingControllerException] Controller class Css could not be found.
Exception Attributes: array (
  'class' => 'Css',
  'plugin' => NULL,
  'prefix' => NULL,
  '_ext' => NULL,
)
Request URL: /project/css/home.css
Stack Trace:
#0 C:\Program Files (x86)\EasyPHP-DevServer-14.1VC11\data\localweb\project\webroot\index.php(37): Cake\Routing\Dispatcher->dispatch(Object(Cake\Network\Request), Object(Cake\Network\Response))
#1 {main}


2015-10-22 17:15:36 Error: [Cake\Routing\Exception\MissingControllerException] Controller class Js could not be found.
Exception Attributes: array (
  'class' => 'Js',
  'plugin' => NULL,
  'prefix' => NULL,
  '_ext' => NULL,
)
Request URL: /project/js/scripts.js
Stack Trace:
#0 C:\Program Files (x86)\EasyPHP-DevServer-14.1VC11\data\localweb\project\webroot\index.php(37): Cake\Routing\Dispatcher->dispatch(Object(Cake\Network\Request), Object(Cake\Network\Response))
#1 {main}


2015-10-22 17:15:36 Error: [Cake\Routing\Exception\MissingControllerException] Controller class Img could not be found.
Exception Attributes: array (
  'class' => 'Img',
  'plugin' => NULL,
  'prefix' => NULL,
  '_ext' => NULL,
)
Request URL: /project/img/slide2.jpg
Stack Trace:
#0 C:\Program Files (x86)\EasyPHP-DevServer-14.1VC11\data\localweb\project\webroot\index.php(37): Cake\Routing\Dispatcher->dispatch(Object(Cake\Network\Request), Object(Cake\Network\Response))
#1 {main}


2015-10-22 17:15:37 Error: [Cake\Routing\Exception\MissingControllerException] Controller class Img could not be found.
Exception Attributes: array (
  'class' => 'Img',
  'plugin' => NULL,
  'prefix' => NULL,
  '_ext' => NULL,
)
Request URL: /project/img/slide.jpg
Stack Trace:
#0 C:\Program Files (x86)\EasyPHP-DevServer-14.1VC11\data\localweb\project\webroot\index.php(37): Cake\Routing\Dispatcher->dispatch(Object(Cake\Network\Request), Object(Cake\Network\Response))
#1 {main}


2015-10-22 17:15:37 Error: [Cake\Routing\Exception\MissingControllerException] Controller class Img could not be found.
Exception Attributes: array (
  'class' => 'Img',
  'plugin' => NULL,
  'prefix' => NULL,
  '_ext' => NULL,
)
Request URL: /project/img/func7.min.gif
Stack Trace:
#0 C:\Program Files (x86)\EasyPHP-DevServer-14.1VC11\data\localweb\project\webroot\index.php(37): Cake\Routing\Dispatcher->dispatch(Object(Cake\Network\Request), Object(Cake\Network\Response))
#1 {main}


2015-10-22 17:15:38 Error: [Cake\Routing\Exception\MissingControllerException] Controller class Img could not be found.
Exception Attributes: array (
  'class' => 'Img',
  'plugin' => NULL,
  'prefix' => NULL,
  '_ext' => NULL,
)
Request URL: /project/img/func8.png
Stack Trace:
#0 C:\Program Files (x86)\EasyPHP-DevServer-14.1VC11\data\localweb\project\webroot\index.php(37): Cake\Routing\Dispatcher->dispatch(Object(Cake\Network\Request), Object(Cake\Network\Response))
#1 {main}


2015-10-22 17:15:38 Error: [Cake\Routing\Exception\MissingControllerException] Controller class Img could not be found.
Exception Attributes: array (
  'class' => 'Img',
  'plugin' => NULL,
  'prefix' => NULL,
  '_ext' => NULL,
)
Request URL: /project/img/write2.jpg
Stack Trace:
#0 C:\Program Files (x86)\EasyPHP-DevServer-14.1VC11\data\localweb\project\webroot\index.php(37): Cake\Routing\Dispatcher->dispatch(Object(Cake\Network\Request), Object(Cake\Network\Response))
#1 {main}


2015-10-22 17:15:39 Error: [Cake\Routing\Exception\MissingControllerException] Controller class Css could not be found.
Exception Attributes: array (
  'class' => 'Css',
  'plugin' => NULL,
  'prefix' => NULL,
  '_ext' => NULL,
)
Request URL: /project/css/fonts/glyphicons-halflings-regular.woff2
Stack Trace:
#0 C:\Program Files (x86)\EasyPHP-DevServer-14.1VC11\data\localweb\project\webroot\index.php(37): Cake\Routing\Dispatcher->dispatch(Object(Cake\Network\Request), Object(Cake\Network\Response))
#1 {main}


2015-10-22 17:15:39 Error: [Cake\Routing\Exception\MissingControllerException] Controller class Img could not be found.
Exception Attributes: array (
  'class' => 'Img',
  'plugin' => NULL,
  'prefix' => NULL,
  '_ext' => NULL,
)
Request URL: /project/img/func9.png
Stack Trace:
#0 C:\Program Files (x86)\EasyPHP-DevServer-14.1VC11\data\localweb\project\webroot\index.php(37): Cake\Routing\Dispatcher->dispatch(Object(Cake\Network\Request), Object(Cake\Network\Response))
#1 {main}


2015-10-22 17:15:40 Error: [Cake\Routing\Exception\MissingControllerException] Controller class Img could not be found.
Exception Attributes: array (
  'class' => 'Img',
  'plugin' => NULL,
  'prefix' => NULL,
  '_ext' => NULL,
)
Request URL: /project/img/func1.min.gif
Stack Trace:
#0 C:\Program Files (x86)\EasyPHP-DevServer-14.1VC11\data\localweb\project\webroot\index.php(37): Cake\Routing\Dispatcher->dispatch(Object(Cake\Network\Request), Object(Cake\Network\Response))
#1 {main}


2015-10-22 17:15:41 Error: [Cake\Routing\Exception\MissingControllerException] Controller class Img could not be found.
Exception Attributes: array (
  'class' => 'Img',
  'plugin' => NULL,
  'prefix' => NULL,
  '_ext' => NULL,
)
Request URL: /project/img/func2.min.gif
Stack Trace:
#0 C:\Program Files (x86)\EasyPHP-DevServer-14.1VC11\data\localweb\project\webroot\index.php(37): Cake\Routing\Dispatcher->dispatch(Object(Cake\Network\Request), Object(Cake\Network\Response))
#1 {main}


2015-10-22 17:15:41 Error: [Cake\Routing\Exception\MissingControllerException] Controller class Img could not be found.
Exception Attributes: array (
  'class' => 'Img',
  'plugin' => NULL,
  'prefix' => NULL,
  '_ext' => NULL,
)
Request URL: /project/img/func3.png
Stack Trace:
#0 C:\Program Files (x86)\EasyPHP-DevServer-14.1VC11\data\localweb\project\webroot\index.php(37): Cake\Routing\Dispatcher->dispatch(Object(Cake\Network\Request), Object(Cake\Network\Response))
#1 {main}


2015-10-22 17:15:42 Error: [Cake\Routing\Exception\MissingControllerException] Controller class Img could not be found.
Exception Attributes: array (
  'class' => 'Img',
  'plugin' => NULL,
  'prefix' => NULL,
  '_ext' => NULL,
)
Request URL: /project/img/func4.png
Stack Trace:
#0 C:\Program Files (x86)\EasyPHP-DevServer-14.1VC11\data\localweb\project\webroot\index.php(37): Cake\Routing\Dispatcher->dispatch(Object(Cake\Network\Request), Object(Cake\Network\Response))
#1 {main}


2015-10-22 17:15:42 Error: [Cake\Routing\Exception\MissingControllerException] Controller class Img could not be found.
Exception Attributes: array (
  'class' => 'Img',
  'plugin' => NULL,
  'prefix' => NULL,
  '_ext' => NULL,
)
Request URL: /project/img/func5.min.gif
Stack Trace:
#0 C:\Program Files (x86)\EasyPHP-DevServer-14.1VC11\data\localweb\project\webroot\index.php(37): Cake\Routing\Dispatcher->dispatch(Object(Cake\Network\Request), Object(Cake\Network\Response))
#1 {main}


2015-10-22 17:15:43 Error: [Cake\Routing\Exception\MissingControllerException] Controller class Css could not be found.
Exception Attributes: array (
  'class' => 'Css',
  'plugin' => NULL,
  'prefix' => NULL,
  '_ext' => NULL,
)
Request URL: /project/css/fonts/glyphicons-halflings-regular.woff
Stack Trace:
#0 C:\Program Files (x86)\EasyPHP-DevServer-14.1VC11\data\localweb\project\webroot\index.php(37): Cake\Routing\Dispatcher->dispatch(Object(Cake\Network\Request), Object(Cake\Network\Response))
#1 {main}


2015-10-22 17:15:43 Error: [Cake\Routing\Exception\MissingControllerException] Controller class Img could not be found.
Exception Attributes: array (
  'class' => 'Img',
  'plugin' => NULL,
  'prefix' => NULL,
  '_ext' => NULL,
)
Request URL: /project/img/func6.png
Stack Trace:
#0 C:\Program Files (x86)\EasyPHP-DevServer-14.1VC11\data\localweb\project\webroot\index.php(37): Cake\Routing\Dispatcher->dispatch(Object(Cake\Network\Request), Object(Cake\Network\Response))
#1 {main}


2015-10-22 17:15:44 Error: [Cake\Routing\Exception\MissingControllerException] Controller class Css could not be found.
Exception Attributes: array (
  'class' => 'Css',
  'plugin' => NULL,
  'prefix' => NULL,
  '_ext' => NULL,
)
Request URL: /project/css/fonts/glyphicons-halflings-regular.ttf
Stack Trace:
#0 C:\Program Files (x86)\EasyPHP-DevServer-14.1VC11\data\localweb\project\webroot\index.php(37): Cake\Routing\Dispatcher->dispatch(Object(Cake\Network\Request), Object(Cake\Network\Response))
#1 {main}


2015-10-22 17:21:24 Error: [Cake\Routing\Exception\MissingControllerException] Controller class Css could not be found.
Exception Attributes: array (
  'class' => 'Css',
  'plugin' => NULL,
  'prefix' => NULL,
  '_ext' => NULL,
)
Request URL: /project/css/home.css
Stack Trace:
#0 C:\Program Files (x86)\EasyPHP-DevServer-14.1VC11\data\localweb\project\webroot\index.php(37): Cake\Routing\Dispatcher->dispatch(Object(Cake\Network\Request), Object(Cake\Network\Response))
#1 {main}


2015-10-22 17:21:25 Error: [Cake\Routing\Exception\MissingControllerException] Controller class Js could not be found.
Exception Attributes: array (
  'class' => 'Js',
  'plugin' => NULL,
  'prefix' => NULL,
  '_ext' => NULL,
)
Request URL: /project/js/scripts.js
Stack Trace:
#0 C:\Program Files (x86)\EasyPHP-DevServer-14.1VC11\data\localweb\project\webroot\index.php(37): Cake\Routing\Dispatcher->dispatch(Object(Cake\Network\Request), Object(Cake\Network\Response))
#1 {main}


2015-10-22 17:21:26 Error: [Cake\Routing\Exception\MissingControllerException] Controller class Img could not be found.
Exception Attributes: array (
  'class' => 'Img',
  'plugin' => NULL,
  'prefix' => NULL,
  '_ext' => NULL,
)
Request URL: /project/img/func8.png
Stack Trace:
#0 C:\Program Files (x86)\EasyPHP-DevServer-14.1VC11\data\localweb\project\webroot\index.php(37): Cake\Routing\Dispatcher->dispatch(Object(Cake\Network\Request), Object(Cake\Network\Response))
#1 {main}


2015-10-22 17:21:27 Error: [Cake\Routing\Exception\MissingControllerException] Controller class Img could not be found.
Exception Attributes: array (
  'class' => 'Img',
  'plugin' => NULL,
  'prefix' => NULL,
  '_ext' => NULL,
)
Request URL: /project/img/slide2.jpg
Stack Trace:
#0 C:\Program Files (x86)\EasyPHP-DevServer-14.1VC11\data\localweb\project\webroot\index.php(37): Cake\Routing\Dispatcher->dispatch(Object(Cake\Network\Request), Object(Cake\Network\Response))
#1 {main}


2015-10-22 17:21:27 Error: [Cake\Routing\Exception\MissingControllerException] Controller class Img could not be found.
Exception Attributes: array (
  'class' => 'Img',
  'plugin' => NULL,
  'prefix' => NULL,
  '_ext' => NULL,
)
Request URL: /project/img/func7.min.gif
Stack Trace:
#0 C:\Program Files (x86)\EasyPHP-DevServer-14.1VC11\data\localweb\project\webroot\index.php(37): Cake\Routing\Dispatcher->dispatch(Object(Cake\Network\Request), Object(Cake\Network\Response))
#1 {main}


2015-10-22 17:21:28 Error: [Cake\Routing\Exception\MissingControllerException] Controller class Img could not be found.
Exception Attributes: array (
  'class' => 'Img',
  'plugin' => NULL,
  'prefix' => NULL,
  '_ext' => NULL,
)
Request URL: /project/img/write2.jpg
Stack Trace:
#0 C:\Program Files (x86)\EasyPHP-DevServer-14.1VC11\data\localweb\project\webroot\index.php(37): Cake\Routing\Dispatcher->dispatch(Object(Cake\Network\Request), Object(Cake\Network\Response))
#1 {main}


2015-10-22 17:21:29 Error: [Cake\Routing\Exception\MissingControllerException] Controller class Img could not be found.
Exception Attributes: array (
  'class' => 'Img',
  'plugin' => NULL,
  'prefix' => NULL,
  '_ext' => NULL,
)
Request URL: /project/img/slide.jpg
Stack Trace:
#0 C:\Program Files (x86)\EasyPHP-DevServer-14.1VC11\data\localweb\project\webroot\index.php(37): Cake\Routing\Dispatcher->dispatch(Object(Cake\Network\Request), Object(Cake\Network\Response))
#1 {main}


2015-10-22 17:21:29 Error: [Cake\Routing\Exception\MissingControllerException] Controller class Css could not be found.
Exception Attributes: array (
  'class' => 'Css',
  'plugin' => NULL,
  'prefix' => NULL,
  '_ext' => NULL,
)
Request URL: /project/css/fonts/glyphicons-halflings-regular.woff2
Stack Trace:
#0 C:\Program Files (x86)\EasyPHP-DevServer-14.1VC11\data\localweb\project\webroot\index.php(37): Cake\Routing\Dispatcher->dispatch(Object(Cake\Network\Request), Object(Cake\Network\Response))
#1 {main}


2015-10-22 17:21:30 Error: [Cake\Routing\Exception\MissingControllerException] Controller class Img could not be found.
Exception Attributes: array (
  'class' => 'Img',
  'plugin' => NULL,
  'prefix' => NULL,
  '_ext' => NULL,
)
Request URL: /project/img/func9.png
Stack Trace:
#0 C:\Program Files (x86)\EasyPHP-DevServer-14.1VC11\data\localweb\project\webroot\index.php(37): Cake\Routing\Dispatcher->dispatch(Object(Cake\Network\Request), Object(Cake\Network\Response))
#1 {main}


2015-10-22 17:21:30 Error: [Cake\Routing\Exception\MissingControllerException] Controller class Img could not be found.
Exception Attributes: array (
  'class' => 'Img',
  'plugin' => NULL,
  'prefix' => NULL,
  '_ext' => NULL,
)
Request URL: /project/img/func1.min.gif
Stack Trace:
#0 C:\Program Files (x86)\EasyPHP-DevServer-14.1VC11\data\localweb\project\webroot\index.php(37): Cake\Routing\Dispatcher->dispatch(Object(Cake\Network\Request), Object(Cake\Network\Response))
#1 {main}


2015-10-22 17:21:31 Error: [Cake\Routing\Exception\MissingControllerException] Controller class Img could not be found.
Exception Attributes: array (
  'class' => 'Img',
  'plugin' => NULL,
  'prefix' => NULL,
  '_ext' => NULL,
)
Request URL: /project/img/func2.min.gif
Stack Trace:
#0 C:\Program Files (x86)\EasyPHP-DevServer-14.1VC11\data\localweb\project\webroot\index.php(37): Cake\Routing\Dispatcher->dispatch(Object(Cake\Network\Request), Object(Cake\Network\Response))
#1 {main}


2015-10-22 17:21:31 Error: [Cake\Routing\Exception\MissingControllerException] Controller class Img could not be found.
Exception Attributes: array (
  'class' => 'Img',
  'plugin' => NULL,
  'prefix' => NULL,
  '_ext' => NULL,
)
Request URL: /project/img/func3.png
Stack Trace:
#0 C:\Program Files (x86)\EasyPHP-DevServer-14.1VC11\data\localweb\project\webroot\index.php(37): Cake\Routing\Dispatcher->dispatch(Object(Cake\Network\Request), Object(Cake\Network\Response))
#1 {main}


2015-10-22 17:21:32 Error: [Cake\Routing\Exception\MissingControllerException] Controller class Img could not be found.
Exception Attributes: array (
  'class' => 'Img',
  'plugin' => NULL,
  'prefix' => NULL,
  '_ext' => NULL,
)
Request URL: /project/img/func4.png
Stack Trace:
#0 C:\Program Files (x86)\EasyPHP-DevServer-14.1VC11\data\localweb\project\webroot\index.php(37): Cake\Routing\Dispatcher->dispatch(Object(Cake\Network\Request), Object(Cake\Network\Response))
#1 {main}


2015-10-22 17:21:32 Error: [Cake\Routing\Exception\MissingControllerException] Controller class Img could not be found.
Exception Attributes: array (
  'class' => 'Img',
  'plugin' => NULL,
  'prefix' => NULL,
  '_ext' => NULL,
)
Request URL: /project/img/func5.min.gif
Stack Trace:
#0 C:\Program Files (x86)\EasyPHP-DevServer-14.1VC11\data\localweb\project\webroot\index.php(37): Cake\Routing\Dispatcher->dispatch(Object(Cake\Network\Request), Object(Cake\Network\Response))
#1 {main}


2015-10-22 17:21:33 Error: [Cake\Routing\Exception\MissingControllerException] Controller class Css could not be found.
Exception Attributes: array (
  'class' => 'Css',
  'plugin' => NULL,
  'prefix' => NULL,
  '_ext' => NULL,
)
Request URL: /project/css/fonts/glyphicons-halflings-regular.woff
Stack Trace:
#0 C:\Program Files (x86)\EasyPHP-DevServer-14.1VC11\data\localweb\project\webroot\index.php(37): Cake\Routing\Dispatcher->dispatch(Object(Cake\Network\Request), Object(Cake\Network\Response))
#1 {main}


2015-10-22 17:21:33 Error: [Cake\Routing\Exception\MissingControllerException] Controller class Img could not be found.
Exception Attributes: array (
  'class' => 'Img',
  'plugin' => NULL,
  'prefix' => NULL,
  '_ext' => NULL,
)
Request URL: /project/img/func6.png
Stack Trace:
#0 C:\Program Files (x86)\EasyPHP-DevServer-14.1VC11\data\localweb\project\webroot\index.php(37): Cake\Routing\Dispatcher->dispatch(Object(Cake\Network\Request), Object(Cake\Network\Response))
#1 {main}


2015-10-22 17:21:34 Error: [Cake\Routing\Exception\MissingControllerException] Controller class Css could not be found.
Exception Attributes: array (
  'class' => 'Css',
  'plugin' => NULL,
  'prefix' => NULL,
  '_ext' => NULL,
)
Request URL: /project/css/fonts/glyphicons-halflings-regular.ttf
Stack Trace:
#0 C:\Program Files (x86)\EasyPHP-DevServer-14.1VC11\data\localweb\project\webroot\index.php(37): Cake\Routing\Dispatcher->dispatch(Object(Cake\Network\Request), Object(Cake\Network\Response))
#1 {main}


2015-10-22 17:22:13 Error: [Cake\Routing\Exception\MissingControllerException] Controller class Css could not be found.
Exception Attributes: array (
  'class' => 'Css',
  'plugin' => NULL,
  'prefix' => NULL,
  '_ext' => NULL,
)
Request URL: /project/css/home.css
Stack Trace:
#0 C:\Program Files (x86)\EasyPHP-DevServer-14.1VC11\data\localweb\project\webroot\index.php(37): Cake\Routing\Dispatcher->dispatch(Object(Cake\Network\Request), Object(Cake\Network\Response))
#1 {main}


2015-10-22 17:22:18 Error: [Cake\Routing\Exception\MissingControllerException] Controller class Js could not be found.
Exception Attributes: array (
  'class' => 'Js',
  'plugin' => NULL,
  'prefix' => NULL,
  '_ext' => NULL,
)
Request URL: /project/js/scripts.js
Stack Trace:
#0 C:\Program Files (x86)\EasyPHP-DevServer-14.1VC11\data\localweb\project\webroot\index.php(37): Cake\Routing\Dispatcher->dispatch(Object(Cake\Network\Request), Object(Cake\Network\Response))
#1 {main}


2015-10-22 17:22:18 Error: [Cake\Routing\Exception\MissingControllerException] Controller class Css could not be found.
Exception Attributes: array (
  'class' => 'Css',
  'plugin' => NULL,
  'prefix' => NULL,
  '_ext' => NULL,
)
Request URL: /project/css/home.css
Stack Trace:
#0 C:\Program Files (x86)\EasyPHP-DevServer-14.1VC11\data\localweb\project\webroot\index.php(37): Cake\Routing\Dispatcher->dispatch(Object(Cake\Network\Request), Object(Cake\Network\Response))
#1 {main}


2015-10-22 17:22:19 Error: [Cake\Routing\Exception\MissingControllerException] Controller class Js could not be found.
Exception Attributes: array (
  'class' => 'Js',
  'plugin' => NULL,
  'prefix' => NULL,
  '_ext' => NULL,
)
Request URL: /project/js/scripts.js
Stack Trace:
#0 C:\Program Files (x86)\EasyPHP-DevServer-14.1VC11\data\localweb\project\webroot\index.php(37): Cake\Routing\Dispatcher->dispatch(Object(Cake\Network\Request), Object(Cake\Network\Response))
#1 {main}


2015-10-22 17:22:20 Error: [Cake\Routing\Exception\MissingControllerException] Controller class Img could not be found.
Exception Attributes: array (
  'class' => 'Img',
  'plugin' => NULL,
  'prefix' => NULL,
  '_ext' => NULL,
)
Request URL: /project/img/write2.jpg
Stack Trace:
#0 C:\Program Files (x86)\EasyPHP-DevServer-14.1VC11\data\localweb\project\webroot\index.php(37): Cake\Routing\Dispatcher->dispatch(Object(Cake\Network\Request), Object(Cake\Network\Response))
#1 {main}


2015-10-22 17:22:21 Error: [Cake\Routing\Exception\MissingControllerException] Controller class Img could not be found.
Exception Attributes: array (
  'class' => 'Img',
  'plugin' => NULL,
  'prefix' => NULL,
  '_ext' => NULL,
)
Request URL: /project/img/slide.jpg
Stack Trace:
#0 C:\Program Files (x86)\EasyPHP-DevServer-14.1VC11\data\localweb\project\webroot\index.php(37): Cake\Routing\Dispatcher->dispatch(Object(Cake\Network\Request), Object(Cake\Network\Response))
#1 {main}


2015-10-22 17:22:21 Error: [Cake\Routing\Exception\MissingControllerException] Controller class Img could not be found.
Exception Attributes: array (
  'class' => 'Img',
  'plugin' => NULL,
  'prefix' => NULL,
  '_ext' => NULL,
)
Request URL: /project/img/func8.png
Stack Trace:
#0 C:\Program Files (x86)\EasyPHP-DevServer-14.1VC11\data\localweb\project\webroot\index.php(37): Cake\Routing\Dispatcher->dispatch(Object(Cake\Network\Request), Object(Cake\Network\Response))
#1 {main}


2015-10-22 17:22:22 Error: [Cake\Routing\Exception\MissingControllerException] Controller class Img could not be found.
Exception Attributes: array (
  'class' => 'Img',
  'plugin' => NULL,
  'prefix' => NULL,
  '_ext' => NULL,
)
Request URL: /project/img/slide2.jpg
Stack Trace:
#0 C:\Program Files (x86)\EasyPHP-DevServer-14.1VC11\data\localweb\project\webroot\index.php(37): Cake\Routing\Dispatcher->dispatch(Object(Cake\Network\Request), Object(Cake\Network\Response))
#1 {main}


2015-10-22 17:22:22 Error: [Cake\Routing\Exception\MissingControllerException] Controller class Img could not be found.
Exception Attributes: array (
  'class' => 'Img',
  'plugin' => NULL,
  'prefix' => NULL,
  '_ext' => NULL,
)
Request URL: /project/img/func7.min.gif
Stack Trace:
#0 C:\Program Files (x86)\EasyPHP-DevServer-14.1VC11\data\localweb\project\webroot\index.php(37): Cake\Routing\Dispatcher->dispatch(Object(Cake\Network\Request), Object(Cake\Network\Response))
#1 {main}


2015-10-22 17:22:23 Error: [Cake\Routing\Exception\MissingControllerException] Controller class Css could not be found.
Exception Attributes: array (
  'class' => 'Css',
  'plugin' => NULL,
  'prefix' => NULL,
  '_ext' => NULL,
)
Request URL: /project/css/fonts/glyphicons-halflings-regular.woff2
Stack Trace:
#0 C:\Program Files (x86)\EasyPHP-DevServer-14.1VC11\data\localweb\project\webroot\index.php(37): Cake\Routing\Dispatcher->dispatch(Object(Cake\Network\Request), Object(Cake\Network\Response))
#1 {main}


2015-10-22 17:22:23 Error: [Cake\Routing\Exception\MissingControllerException] Controller class Img could not be found.
Exception Attributes: array (
  'class' => 'Img',
  'plugin' => NULL,
  'prefix' => NULL,
  '_ext' => NULL,
)
Request URL: /project/img/func9.png
Stack Trace:
#0 C:\Program Files (x86)\EasyPHP-DevServer-14.1VC11\data\localweb\project\webroot\index.php(37): Cake\Routing\Dispatcher->dispatch(Object(Cake\Network\Request), Object(Cake\Network\Response))
#1 {main}


2015-10-22 17:22:24 Error: [Cake\Routing\Exception\MissingControllerException] Controller class Img could not be found.
Exception Attributes: array (
  'class' => 'Img',
  'plugin' => NULL,
  'prefix' => NULL,
  '_ext' => NULL,
)
Request URL: /project/img/func1.min.gif
Stack Trace:
#0 C:\Program Files (x86)\EasyPHP-DevServer-14.1VC11\data\localweb\project\webroot\index.php(37): Cake\Routing\Dispatcher->dispatch(Object(Cake\Network\Request), Object(Cake\Network\Response))
#1 {main}


2015-10-22 17:22:25 Error: [Cake\Routing\Exception\MissingControllerException] Controller class Img could not be found.
Exception Attributes: array (
  'class' => 'Img',
  'plugin' => NULL,
  'prefix' => NULL,
  '_ext' => NULL,
)
Request URL: /project/img/func2.min.gif
Stack Trace:
#0 C:\Program Files (x86)\EasyPHP-DevServer-14.1VC11\data\localweb\project\webroot\index.php(37): Cake\Routing\Dispatcher->dispatch(Object(Cake\Network\Request), Object(Cake\Network\Response))
#1 {main}


2015-10-22 17:22:25 Error: [Cake\Routing\Exception\MissingControllerException] Controller class Img could not be found.
Exception Attributes: array (
  'class' => 'Img',
  'plugin' => NULL,
  'prefix' => NULL,
  '_ext' => NULL,
)
Request URL: /project/img/func3.png
Stack Trace:
#0 C:\Program Files (x86)\EasyPHP-DevServer-14.1VC11\data\localweb\project\webroot\index.php(37): Cake\Routing\Dispatcher->dispatch(Object(Cake\Network\Request), Object(Cake\Network\Response))
#1 {main}


2015-10-22 17:22:26 Error: [Cake\Routing\Exception\MissingControllerException] Controller class Img could not be found.
Exception Attributes: array (
  'class' => 'Img',
  'plugin' => NULL,
  'prefix' => NULL,
  '_ext' => NULL,
)
Request URL: /project/img/func4.png
Stack Trace:
#0 C:\Program Files (x86)\EasyPHP-DevServer-14.1VC11\data\localweb\project\webroot\index.php(37): Cake\Routing\Dispatcher->dispatch(Object(Cake\Network\Request), Object(Cake\Network\Response))
#1 {main}


2015-10-22 17:22:27 Error: [Cake\Routing\Exception\MissingControllerException] Controller class Img could not be found.
Exception Attributes: array (
  'class' => 'Img',
  'plugin' => NULL,
  'prefix' => NULL,
  '_ext' => NULL,
)
Request URL: /project/img/func5.min.gif
Stack Trace:
#0 C:\Program Files (x86)\EasyPHP-DevServer-14.1VC11\data\localweb\project\webroot\index.php(37): Cake\Routing\Dispatcher->dispatch(Object(Cake\Network\Request), Object(Cake\Network\Response))
#1 {main}


2015-10-22 17:22:27 Error: [Cake\Routing\Exception\MissingControllerException] Controller class Css could not be found.
Exception Attributes: array (
  'class' => 'Css',
  'plugin' => NULL,
  'prefix' => NULL,
  '_ext' => NULL,
)
Request URL: /project/css/fonts/glyphicons-halflings-regular.woff
Stack Trace:
#0 C:\Program Files (x86)\EasyPHP-DevServer-14.1VC11\data\localweb\project\webroot\index.php(37): Cake\Routing\Dispatcher->dispatch(Object(Cake\Network\Request), Object(Cake\Network\Response))
#1 {main}


2015-10-22 17:22:28 Error: [Cake\Routing\Exception\MissingControllerException] Controller class Img could not be found.
Exception Attributes: array (
  'class' => 'Img',
  'plugin' => NULL,
  'prefix' => NULL,
  '_ext' => NULL,
)
Request URL: /project/img/func6.png
Stack Trace:
#0 C:\Program Files (x86)\EasyPHP-DevServer-14.1VC11\data\localweb\project\webroot\index.php(37): Cake\Routing\Dispatcher->dispatch(Object(Cake\Network\Request), Object(Cake\Network\Response))
#1 {main}


2015-10-22 17:22:28 Error: [Cake\Routing\Exception\MissingControllerException] Controller class Css could not be found.
Exception Attributes: array (
  'class' => 'Css',
  'plugin' => NULL,
  'prefix' => NULL,
  '_ext' => NULL,
)
Request URL: /project/css/fonts/glyphicons-halflings-regular.ttf
Stack Trace:
#0 C:\Program Files (x86)\EasyPHP-DevServer-14.1VC11\data\localweb\project\webroot\index.php(37): Cake\Routing\Dispatcher->dispatch(Object(Cake\Network\Request), Object(Cake\Network\Response))
#1 {main}


2015-10-22 17:25:08 Error: [Cake\Routing\Exception\MissingControllerException] Controller class Js could not be found.
Exception Attributes: array (
  'class' => 'Js',
  'plugin' => NULL,
  'prefix' => NULL,
  '_ext' => NULL,
)
Request URL: /project/js/scripts.js
Stack Trace:
#0 C:\Program Files (x86)\EasyPHP-DevServer-14.1VC11\data\localweb\project\webroot\index.php(37): Cake\Routing\Dispatcher->dispatch(Object(Cake\Network\Request), Object(Cake\Network\Response))
#1 {main}


2015-10-22 17:25:09 Error: [Cake\Routing\Exception\MissingControllerException] Controller class Css could not be found.
Exception Attributes: array (
  'class' => 'Css',
  'plugin' => NULL,
  'prefix' => NULL,
  '_ext' => NULL,
)
Request URL: /project/css/home.css
Stack Trace:
#0 C:\Program Files (x86)\EasyPHP-DevServer-14.1VC11\data\localweb\project\webroot\index.php(37): Cake\Routing\Dispatcher->dispatch(Object(Cake\Network\Request), Object(Cake\Network\Response))
#1 {main}


2015-10-22 17:25:10 Error: [Cake\Routing\Exception\MissingControllerException] Controller class Js could not be found.
Exception Attributes: array (
  'class' => 'Js',
  'plugin' => NULL,
  'prefix' => NULL,
  '_ext' => NULL,
)
Request URL: /project/js/scripts.js
Stack Trace:
#0 C:\Program Files (x86)\EasyPHP-DevServer-14.1VC11\data\localweb\project\webroot\index.php(37): Cake\Routing\Dispatcher->dispatch(Object(Cake\Network\Request), Object(Cake\Network\Response))
#1 {main}


2015-10-22 17:30:39 Error: Fatal Error (1): Call to undefined method App\Controller\UsersController::requireRoleAtLeast() in [C:\Program Files (x86)\EasyPHP-DevServer-14.1VC11\data\localweb\project\src\Controller\UsersController.php, line 74]
Trace:
Cake\Error\BaseErrorHandler::handleFatalError() - CORE\src\Error\BaseErrorHandler.php, line 191
Cake\Error\BaseErrorHandler::Cake\Error\{closure}() - CORE\src\Error\BaseErrorHandler.php, line 90
[main] - [internal], line ??



2015-10-22 17:30:40 Error: [Cake\Error\FatalErrorException] Call to undefined method App\Controller\UsersController::requireRoleAtLeast()
Request URL: /project/users/add
Stack Trace:
#0 C:\Program Files (x86)\EasyPHP-DevServer-14.1VC11\data\localweb\project\vendor\cakephp\cakephp\src\Error\BaseErrorHandler.php(90): Cake\Error\BaseErrorHandler->handleFatalError(1, 'Call to undefin...', 'C:\Program File...', 74)
#1 [internal function]: Cake\Error\BaseErrorHandler->Cake\Error\{closure}()
#2 {main}


2015-10-22 17:37:25 Error: [Cake\Routing\Exception\MissingControllerException] Controller class Js could not be found.
Exception Attributes: array (
  'class' => 'Js',
  'plugin' => NULL,
  'prefix' => NULL,
  '_ext' => NULL,
)
Request URL: /project/js/scripts.js
Stack Trace:
#0 C:\Program Files (x86)\EasyPHP-DevServer-14.1VC11\data\localweb\project\webroot\index.php(37): Cake\Routing\Dispatcher->dispatch(Object(Cake\Network\Request), Object(Cake\Network\Response))
#1 {main}


2015-10-22 17:37:26 Error: [Cake\Controller\Exception\MissingActionException] Action UsersController::avatar.ico() could not be found, or is not accessible.
Exception Attributes: array (
  'controller' => 'UsersController',
  'action' => 'avatar.ico',
  'prefix' => '',
  'plugin' => NULL,
)
Request URL: /project/users/avatar.ico
Stack Trace:
#0 C:\Program Files (x86)\EasyPHP-DevServer-14.1VC11\data\localweb\project\vendor\cakephp\cakephp\src\Routing\Dispatcher.php(114): Cake\Controller\Controller->invokeAction()
#1 C:\Program Files (x86)\EasyPHP-DevServer-14.1VC11\data\localweb\project\vendor\cakephp\cakephp\src\Routing\Dispatcher.php(87): Cake\Routing\Dispatcher->_invoke(Object(App\Controller\UsersController))
#2 C:\Program Files (x86)\EasyPHP-DevServer-14.1VC11\data\localweb\project\webroot\index.php(37): Cake\Routing\Dispatcher->dispatch(Object(Cake\Network\Request), Object(Cake\Network\Response))
#3 {main}


2015-10-22 17:37:27 Error: [Cake\Controller\Exception\MissingActionException] Action UsersController::avatar.ico() could not be found, or is not accessible.
Exception Attributes: array (
  'controller' => 'UsersController',
  'action' => 'avatar.ico',
  'prefix' => '',
  'plugin' => NULL,
)
Request URL: /project/users/avatar.ico
Stack Trace:
#0 C:\Program Files (x86)\EasyPHP-DevServer-14.1VC11\data\localweb\project\vendor\cakephp\cakephp\src\Routing\Dispatcher.php(114): Cake\Controller\Controller->invokeAction()
#1 C:\Program Files (x86)\EasyPHP-DevServer-14.1VC11\data\localweb\project\vendor\cakephp\cakephp\src\Routing\Dispatcher.php(87): Cake\Routing\Dispatcher->_invoke(Object(App\Controller\UsersController))
#2 C:\Program Files (x86)\EasyPHP-DevServer-14.1VC11\data\localweb\project\webroot\index.php(37): Cake\Routing\Dispatcher->dispatch(Object(Cake\Network\Request), Object(Cake\Network\Response))
#3 {main}


2015-10-22 17:39:21 Error: [Cake\Routing\Exception\MissingControllerException] Controller class Js could not be found.
Exception Attributes: array (
  'class' => 'Js',
  'plugin' => NULL,
  'prefix' => NULL,
  '_ext' => NULL,
)
Request URL: /project/js/scripts.js
Stack Trace:
#0 C:\Program Files (x86)\EasyPHP-DevServer-14.1VC11\data\localweb\project\webroot\index.php(37): Cake\Routing\Dispatcher->dispatch(Object(Cake\Network\Request), Object(Cake\Network\Response))
#1 {main}


2015-10-22 17:53:02 Error: [Cake\Routing\Exception\MissingControllerException] Controller class Js could not be found.
Exception Attributes: array (
  'class' => 'Js',
  'plugin' => NULL,
  'prefix' => NULL,
  '_ext' => NULL,
)
Request URL: /project/js/scripts.js
Stack Trace:
#0 C:\Program Files (x86)\EasyPHP-DevServer-14.1VC11\data\localweb\project\webroot\index.php(37): Cake\Routing\Dispatcher->dispatch(Object(Cake\Network\Request), Object(Cake\Network\Response))
#1 {main}


2015-10-23 13:52:02 Error: [Cake\Routing\Exception\MissingControllerException] Controller class Css could not be found.
Exception Attributes: array (
  'class' => 'Css',
  'plugin' => NULL,
  'prefix' => NULL,
  '_ext' => NULL,
)
Request URL: /project/css/home.css
Stack Trace:
#0 C:\Program Files (x86)\EasyPHP-DevServer-14.1VC11\data\localweb\project\webroot\index.php(37): Cake\Routing\Dispatcher->dispatch(Object(Cake\Network\Request), Object(Cake\Network\Response))
#1 {main}


2015-10-23 13:52:02 Error: [Cake\Routing\Exception\MissingControllerException] Controller class Js could not be found.
Exception Attributes: array (
  'class' => 'Js',
  'plugin' => NULL,
  'prefix' => NULL,
  '_ext' => NULL,
)
Request URL: /project/js/scripts.js
Stack Trace:
#0 C:\Program Files (x86)\EasyPHP-DevServer-14.1VC11\data\localweb\project\webroot\index.php(37): Cake\Routing\Dispatcher->dispatch(Object(Cake\Network\Request), Object(Cake\Network\Response))
#1 {main}


2015-10-23 13:54:32 Error: [Cake\Routing\Exception\MissingControllerException] Controller class Css could not be found.
Exception Attributes: array (
  'class' => 'Css',
  'plugin' => NULL,
  'prefix' => NULL,
  '_ext' => NULL,
)
Request URL: /project/css/home.css
Stack Trace:
#0 C:\Program Files (x86)\EasyPHP-DevServer-14.1VC11\data\localweb\project\webroot\index.php(37): Cake\Routing\Dispatcher->dispatch(Object(Cake\Network\Request), Object(Cake\Network\Response))
#1 {main}


2015-10-23 13:54:33 Error: [Cake\Routing\Exception\MissingControllerException] Controller class Js could not be found.
Exception Attributes: array (
  'class' => 'Js',
  'plugin' => NULL,
  'prefix' => NULL,
  '_ext' => NULL,
)
Request URL: /project/js/scripts.js
Stack Trace:
#0 C:\Program Files (x86)\EasyPHP-DevServer-14.1VC11\data\localweb\project\webroot\index.php(37): Cake\Routing\Dispatcher->dispatch(Object(Cake\Network\Request), Object(Cake\Network\Response))
#1 {main}


2015-10-23 13:55:16 Error: [Cake\Routing\Exception\MissingControllerException] Controller class Js could not be found.
Exception Attributes: array (
  'class' => 'Js',
  'plugin' => NULL,
  'prefix' => NULL,
  '_ext' => NULL,
)
Request URL: /project/js/scripts.js
Stack Trace:
#0 C:\Program Files (x86)\EasyPHP-DevServer-14.1VC11\data\localweb\project\webroot\index.php(37): Cake\Routing\Dispatcher->dispatch(Object(Cake\Network\Request), Object(Cake\Network\Response))
#1 {main}


2015-10-23 13:55:17 Error: [Cake\Routing\Exception\MissingControllerException] Controller class Css could not be found.
Exception Attributes: array (
  'class' => 'Css',
  'plugin' => NULL,
  'prefix' => NULL,
  '_ext' => NULL,
)
Request URL: /project/css/home.css
Stack Trace:
#0 C:\Program Files (x86)\EasyPHP-DevServer-14.1VC11\data\localweb\project\webroot\index.php(37): Cake\Routing\Dispatcher->dispatch(Object(Cake\Network\Request), Object(Cake\Network\Response))
#1 {main}


2015-10-23 13:55:17 Error: [Cake\Routing\Exception\MissingControllerException] Controller class Js could not be found.
Exception Attributes: array (
  'class' => 'Js',
  'plugin' => NULL,
  'prefix' => NULL,
  '_ext' => NULL,
)
Request URL: /project/js/scripts.js
Stack Trace:
#0 C:\Program Files (x86)\EasyPHP-DevServer-14.1VC11\data\localweb\project\webroot\index.php(37): Cake\Routing\Dispatcher->dispatch(Object(Cake\Network\Request), Object(Cake\Network\Response))
#1 {main}


2015-10-23 13:56:48 Error: [Cake\Routing\Exception\MissingControllerException] Controller class Js could not be found.
Exception Attributes: array (
  'class' => 'Js',
  'plugin' => NULL,
  'prefix' => NULL,
  '_ext' => NULL,
)
Request URL: /project/js/scripts.js
Stack Trace:
#0 C:\Program Files (x86)\EasyPHP-DevServer-14.1VC11\data\localweb\project\webroot\index.php(37): Cake\Routing\Dispatcher->dispatch(Object(Cake\Network\Request), Object(Cake\Network\Response))
#1 {main}


2015-10-23 13:56:49 Error: [Cake\Routing\Exception\MissingControllerException] Controller class Css could not be found.
Exception Attributes: array (
  'class' => 'Css',
  'plugin' => NULL,
  'prefix' => NULL,
  '_ext' => NULL,
)
Request URL: /project/css/home.css
Stack Trace:
#0 C:\Program Files (x86)\EasyPHP-DevServer-14.1VC11\data\localweb\project\webroot\index.php(37): Cake\Routing\Dispatcher->dispatch(Object(Cake\Network\Request), Object(Cake\Network\Response))
#1 {main}


2015-10-23 13:56:49 Error: [Cake\Routing\Exception\MissingControllerException] Controller class Js could not be found.
Exception Attributes: array (
  'class' => 'Js',
  'plugin' => NULL,
  'prefix' => NULL,
  '_ext' => NULL,
)
Request URL: /project/js/scripts.js
Stack Trace:
#0 C:\Program Files (x86)\EasyPHP-DevServer-14.1VC11\data\localweb\project\webroot\index.php(37): Cake\Routing\Dispatcher->dispatch(Object(Cake\Network\Request), Object(Cake\Network\Response))
#1 {main}


2015-10-23 13:57:12 Error: [Cake\Routing\Exception\MissingControllerException] Controller class Js could not be found.
Exception Attributes: array (
  'class' => 'Js',
  'plugin' => NULL,
  'prefix' => NULL,
  '_ext' => NULL,
)
Request URL: /project/js/scripts.js
Stack Trace:
#0 C:\Program Files (x86)\EasyPHP-DevServer-14.1VC11\data\localweb\project\webroot\index.php(37): Cake\Routing\Dispatcher->dispatch(Object(Cake\Network\Request), Object(Cake\Network\Response))
#1 {main}


2015-10-23 13:57:13 Error: [Cake\Routing\Exception\MissingControllerException] Controller class Css could not be found.
Exception Attributes: array (
  'class' => 'Css',
  'plugin' => NULL,
  'prefix' => NULL,
  '_ext' => NULL,
)
Request URL: /project/css/home.css
Stack Trace:
#0 C:\Program Files (x86)\EasyPHP-DevServer-14.1VC11\data\localweb\project\webroot\index.php(37): Cake\Routing\Dispatcher->dispatch(Object(Cake\Network\Request), Object(Cake\Network\Response))
#1 {main}


2015-10-23 13:57:13 Error: [Cake\Routing\Exception\MissingControllerException] Controller class Js could not be found.
Exception Attributes: array (
  'class' => 'Js',
  'plugin' => NULL,
  'prefix' => NULL,
  '_ext' => NULL,
)
Request URL: /project/js/scripts.js
Stack Trace:
#0 C:\Program Files (x86)\EasyPHP-DevServer-14.1VC11\data\localweb\project\webroot\index.php(37): Cake\Routing\Dispatcher->dispatch(Object(Cake\Network\Request), Object(Cake\Network\Response))
#1 {main}


